<?xml version="1.0" encoding="UTF-8"?>
<!-- Generated by org.testng.reporters.JUnitReportReporter -->
<testsuite hostname="sonal-ideapad" failures="0" tests="1" name="com.qa.testcases.AndroidChromeTest" time="27.427" errors="0" timestamp="2022-09-30T18:36:45 IST" skipped="0">
  <testcase classname="com.qa.testcases.AndroidChromeTest" name="verifyTitle" time="27.427"/>
  <system-out/>
</testsuite> <!-- com.qa.testcases.AndroidChromeTest -->
