<?xml version="1.0" encoding="UTF-8"?>
<!-- Generated by org.testng.reporters.JUnitReportReporter -->
<testsuite hostname="sonal-ideapad" failures="0" tests="1" name="com.qa.testcases.VerifyGoogleSearch" time="26.757" errors="0" timestamp="2022-09-27T14:59:00 IST" skipped="0">
  <testcase classname="com.qa.testcases.VerifyGoogleSearch" name="launchChrome" time="26.757"/>
  <system-out/>
</testsuite> <!-- com.qa.testcases.VerifyGoogleSearch -->
