<?xml version="1.0" encoding="UTF-8"?>
<!-- Generated by org.testng.reporters.JUnitReportReporter -->
<testsuite hostname="sonal-ideapad" failures="0" tests="1" name="com.qa.testcases.TestBrowserstackAndroid" time="111.752" errors="0" timestamp="2022-09-20T17:35:50 IST" skipped="0">
  <testcase classname="com.qa.testcases.TestBrowserstackAndroid" name="launchBrowserStack" time="111.752"/>
  <system-out/>
</testsuite> <!-- com.qa.testcases.TestBrowserstackAndroid -->
