<?xml version="1.0" encoding="UTF-8"?>
<!-- Generated by org.testng.reporters.JUnitReportReporter -->
<testsuite hostname="sonal-ideapad" failures="0" tests="1" name="com.qa.testcases.StartChrome" time="20.090" errors="0" timestamp="2022-09-22T17:53:57 IST" skipped="0">
  <testcase classname="com.qa.testcases.StartChrome" name="launchChrome" time="20.090"/>
  <system-out/>
</testsuite> <!-- com.qa.testcases.StartChrome -->
