<?xml version="1.0" encoding="UTF-8"?>
<!-- Generated by org.testng.reporters.JUnitReportReporter -->
<testsuite hostname="sonal-ideapad" failures="0" tests="1" name="com.qa.testcases.BrowserStack" time="62.133" errors="0" timestamp="2022-09-30T17:05:22 IST" skipped="0">
  <testcase classname="com.qa.testcases.BrowserStack" name="verifyTitle" time="62.133"/>
  <system-out/>
</testsuite> <!-- com.qa.testcases.BrowserStack -->
