<?xml version="1.0" encoding="UTF-8"?>
<!-- Generated by org.testng.reporters.JUnitReportReporter -->
<testsuite hostname="sonal-ideapad" failures="0" tests="2" name="com.qa.testcases.AndroidTestBS" time="1.722" errors="0" timestamp="2022-12-21T17:23:55 IST" skipped="0">
  <testcase classname="com.qa.testcases.AndroidTestBS" name="verifyAddToCart" time="1.137"/>
  <system-out/>
  <testcase classname="com.qa.testcases.AndroidTestBS" name="verifyRemoveFromCart" time="0.585"/>
  <system-out/>
</testsuite> <!-- com.qa.testcases.AndroidTestBS -->
