<?xml version="1.0" encoding="UTF-8"?>
<!-- Generated by org.testng.reporters.JUnitReportReporter -->
<testsuite hostname="sonal-ideapad" failures="0" tests="2" name="com.qa.testcases.AndroidTest" time="33.059" errors="0" timestamp="2022-09-28T11:09:49 IST" skipped="0">
  <testcase classname="com.qa.testcases.AndroidTest" name="verifyDashboard" time="18.657"/>
  <system-out/>
  <testcase classname="com.qa.testcases.AndroidTest" name="verifyTitle" time="14.402"/>
  <system-out/>
</testsuite> <!-- com.qa.testcases.AndroidTest -->
